# JRE version: Java(TM) SE Runtime Environment (8.0_281-b09) (build 1.8.0_281-b09)
# Java VM: Java HotSpot(TM) 64-Bit Server VM (25.281-b09 mixed mode windows-amd64 compressed oops)
Heap:
 PSYoungGen      total 109568K, used 106311K [0x000000076cd00000, 0x0000000775c00000, 0x00000007c0000000)
  eden space 99328K, 96% used [0x000000076cd00000,0x0000000772ad4820,0x0000000772e00000)
  from space 10240K, 99% used [0x0000000774800000,0x00000007751fd688,0x0000000775200000)
  to   space 7168K, 0% used [0x0000000775500000,0x0000000775500000,0x0000000775c00000)
 ParOldGen       total 101376K, used 14335K [0x00000006c6600000, 0x00000006cc900000, 0x000000076cd00000)
  object space 101376K, 14% used [0x00000006c6600000,0x00000006c73ffe40,0x00000006cc900000)
 Metaspace       used 53583K, capacity 56698K, committed 56960K, reserved 1097728K
  class space    used 7415K, capacity 7949K, committed 8064K, reserved 1048576K
GC Heap History (10 events):
Event: 2.354 GC heap before
{Heap before GC invocations=5 (full 1):
 PSYoungGen      total 74752K, used 64512K [0x000000076cd00000, 0x0000000775f00000, 0x00000007c0000000)
  eden space 64512K, 100% used [0x000000076cd00000,0x0000000770c00000,0x0000000770c00000)
  from space 10240K, 0% used [0x0000000770c00000,0x0000000770c00000,0x0000000771600000)
  to   space 10240K, 0% used [0x0000000775500000,0x0000000775500000,0x0000000775f00000)
 ParOldGen       total 101376K, used 7421K [0x00000006c6600000, 0x00000006cc900000, 0x000000076cd00000)
  object space 101376K, 7% used [0x00000006c6600000,0x00000006c6d3f698,0x00000006cc900000)
 Metaspace       used 24582K, capacity 25710K, committed 25856K, reserved 1071104K
  class space    used 3212K, capacity 3464K, committed 3584K, reserved 1048576K
Event: 2.363 GC heap after
Heap after GC invocations=5 (full 1):
 PSYoungGen      total 106496K, used 7167K [0x000000076cd00000, 0x0000000775c00000, 0x00000007c0000000)
  eden space 99328K, 0% used [0x000000076cd00000,0x000000076cd00000,0x0000000772e00000)
  from space 7168K, 99% used [0x0000000775500000,0x0000000775bfffb8,0x0000000775c00000)
  to   space 10240K, 0% used [0x0000000774800000,0x0000000774800000,0x0000000775200000)
 ParOldGen       total 101376K, used 7429K [0x00000006c6600000, 0x00000006cc900000, 0x000000076cd00000)
  object space 101376K, 7% used [0x00000006c6600000,0x00000006c6d41698,0x00000006cc900000)
 Metaspace       used 24582K, capacity 25710K, committed 25856K, reserved 1071104K
  class space    used 3212K, capacity 3464K, committed 3584K, reserved 1048576K
}
Event: 4.018 GC heap before
{Heap before GC invocations=6 (full 1):
 PSYoungGen      total 106496K, used 106495K [0x000000076cd00000, 0x0000000775c00000, 0x00000007c0000000)
  eden space 99328K, 100% used [0x000000076cd00000,0x0000000772e00000,0x0000000772e00000)
  from space 7168K, 99% used [0x0000000775500000,0x0000000775bfffb8,0x0000000775c00000)
  to   space 10240K, 0% used [0x0000000774800000,0x0000000774800000,0x0000000775200000)
 ParOldGen       total 101376K, used 7429K [0x00000006c6600000, 0x00000006cc900000, 0x000000076cd00000)
  object space 101376K, 7% used [0x00000006c6600000,0x00000006c6d41698,0x00000006cc900000)
 Metaspace       used 32525K, capacity 34588K, committed 34688K, reserved 1079296K
  class space    used 4325K, capacity 4725K, committed 4736K, reserved 1048576K
Event: 4.033 GC heap after
Heap after GC invocations=6 (full 1):
 PSYoungGen      total 109568K, used 10219K [0x000000076cd00000, 0x0000000775c00000, 0x00000007c0000000)
  eden space 99328K, 0% used [0x000000076cd00000,0x000000076cd00000,0x0000000772e00000)
  from space 10240K, 99% used [0x0000000774800000,0x00000007751faef0,0x0000000775200000)
  to   space 7168K, 0% used [0x0000000775500000,0x0000000775500000,0x0000000775c00000)
 ParOldGen       total 101376K, used 9512K [0x00000006c6600000, 0x00000006cc900000, 0x000000076cd00000)
  object space 101376K, 9% used [0x00000006c6600000,0x00000006c6f4a3c0,0x00000006cc900000)
 Metaspace       used 32525K, capacity 34588K, committed 34688K, reserved 1079296K
  class space    used 4325K, capacity 4725K, committed 4736K, reserved 1048576K
}
Event: 4.198 GC heap before
{Heap before GC invocations=7 (full 1):
 PSYoungGen      total 109568K, used 54556K [0x000000076cd00000, 0x0000000775c00000, 0x00000007c0000000)
  eden space 99328K, 44% used [0x000000076cd00000,0x000000076f84c2a0,0x0000000772e00000)
  from space 10240K, 99% used [0x0000000774800000,0x00000007751faef0,0x0000000775200000)
  to   space 7168K, 0% used [0x0000000775500000,0x0000000775500000,0x0000000775c00000)
 ParOldGen       total 101376K, used 9512K [0x00000006c6600000, 0x00000006cc900000, 0x000000076cd00000)
  object space 101376K, 9% used [0x00000006c6600000,0x00000006c6f4a3c0,0x00000006cc900000)
 Metaspace       used 33307K, capacity 35324K, committed 35496K, reserved 1079296K
  class space    used 4397K, capacity 4757K, committed 4864K, reserved 1048576K
Event: 4.205 GC heap after
Heap after GC invocations=7 (full 1):
 PSYoungGen      total 106496K, used 6852K [0x000000076cd00000, 0x0000000775c00000, 0x00000007c0000000)
  eden space 99328K, 0% used [0x000000076cd00000,0x000000076cd00000,0x0000000772e00000)
  from space 7168K, 95% used [0x0000000775500000,0x0000000775bb1078,0x0000000775c00000)
  to   space 10240K, 0% used [0x0000000774800000,0x0000000774800000,0x0000000775200000)
 ParOldGen       total 101376K, used 9520K [0x00000006c6600000, 0x00000006cc900000, 0x000000076cd00000)
  object space 101376K, 9% used [0x00000006c6600000,0x00000006c6f4c3c0,0x00000006cc900000)
 Metaspace       used 33307K, capacity 35324K, committed 35496K, reserved 1079296K
  class space    used 4397K, capacity 4757K, committed 4864K, reserved 1048576K
}
Event: 4.205 GC heap before
{Heap before GC invocations=8 (full 2):
 PSYoungGen      total 106496K, used 6852K [0x000000076cd00000, 0x0000000775c00000, 0x00000007c0000000)
  eden space 99328K, 0% used [0x000000076cd00000,0x000000076cd00000,0x0000000772e00000)
  from space 7168K, 95% used [0x0000000775500000,0x0000000775bb1078,0x0000000775c00000)
  to   space 10240K, 0% used [0x0000000774800000,0x0000000774800000,0x0000000775200000)
 ParOldGen       total 101376K, used 9520K [0x00000006c6600000, 0x00000006cc900000, 0x000000076cd00000)
  object space 101376K, 9% used [0x00000006c6600000,0x00000006c6f4c3c0,0x00000006cc900000)
 Metaspace       used 33307K, capacity 35324K, committed 35496K, reserved 1079296K
  class space    used 4397K, capacity 4757K, committed 4864K, reserved 1048576K
Event: 4.255 GC heap after
Heap after GC invocations=8 (full 2):
 PSYoungGen      total 106496K, used 0K [0x000000076cd00000, 0x0000000775c00000, 0x00000007c0000000)
  eden space 99328K, 0% used [0x000000076cd00000,0x000000076cd00000,0x0000000772e00000)
  from space 7168K, 0% used [0x0000000775500000,0x0000000775500000,0x0000000775c00000)
  to   space 10240K, 0% used [0x0000000774800000,0x0000000774800000,0x0000000775200000)
 ParOldGen       total 101376K, used 11810K [0x00000006c6600000, 0x00000006cc900000, 0x000000076cd00000)
  object space 101376K, 11% used [0x00000006c6600000,0x00000006c7188998,0x00000006cc900000)
 Metaspace       used 33307K, capacity 35324K, committed 35496K, reserved 1079296K
  class space    used 4397K, capacity 4757K, committed 4864K, reserved 1048576K
}
Event: 5.614 GC heap before
{Heap before GC invocations=9 (full 2):
 PSYoungGen      total 106496K, used 99328K [0x000000076cd00000, 0x0000000775c00000, 0x00000007c0000000)
  eden space 99328K, 100% used [0x000000076cd00000,0x0000000772e00000,0x0000000772e00000)
  from space 7168K, 0% used [0x0000000775500000,0x0000000775500000,0x0000000775c00000)
  to   space 10240K, 0% used [0x0000000774800000,0x0000000774800000,0x0000000775200000)
 ParOldGen       total 101376K, used 11810K [0x00000006c6600000, 0x00000006cc900000, 0x000000076cd00000)
  object space 101376K, 11% used [0x00000006c6600000,0x00000006c7188998,0x00000006cc900000)
 Metaspace       used 43667K, capacity 46108K, committed 46336K, reserved 1089536K
  class space    used 5924K, capacity 6370K, committed 6400K, reserved 1048576K
Event: 5.624 GC heap after
Heap after GC invocations=9 (full 2):
 PSYoungGen      total 109568K, used 10229K [0x000000076cd00000, 0x0000000775c00000, 0x00000007c0000000)
  eden space 99328K, 0% used [0x000000076cd00000,0x000000076cd00000,0x0000000772e00000)
  from space 10240K, 99% used [0x0000000774800000,0x00000007751fd688,0x0000000775200000)
  to   space 7168K, 0% used [0x0000000775500000,0x0000000775500000,0x0000000775c00000)
 ParOldGen       total 101376K, used 14335K [0x00000006c6600000, 0x00000006cc900000, 0x000000076cd00000)
  object space 101376K, 14% used [0x00000006c6600000,0x00000006c73ffe40,0x00000006cc900000)
 Metaspace       used 43667K, capacity 46108K, committed 46336K, reserved 1089536K
  class space    used 5924K, capacity 6370K, committed 6400K, reserved 1048576K
}

