# JRE version: Java(TM) SE Runtime Environment (8.0_281-b09) (build 1.8.0_281-b09)
# Java VM: Java HotSpot(TM) 64-Bit Server VM (25.281-b09 mixed mode windows-amd64 compressed oops)
Heap:
 PSYoungGen      total 74752K, used 37454K [0x000000076cd00000, 0x0000000773d00000, 0x00000007c0000000)
  eden space 64512K, 44% used [0x000000076cd00000,0x000000076e93d6a8,0x0000000770c00000)
  from space 10240K, 83% used [0x0000000770c00000,0x0000000771456520,0x0000000771600000)
  to   space 9728K, 0% used [0x0000000773380000,0x0000000773380000,0x0000000773d00000)
 ParOldGen       total 100352K, used 7311K [0x00000006c6600000, 0x00000006cc800000, 0x000000076cd00000)
  object space 100352K, 7% used [0x00000006c6600000,0x00000006c6d23ec8,0x00000006cc800000)
 Metaspace       used 32047K, capacity 34124K, committed 34432K, reserved 1079296K
  class space    used 4275K, capacity 4657K, committed 4736K, reserved 1048576K
GC Heap History (10 events):
Event: 1.681 GC heap before
{Heap before GC invocations=2 (full 0):
 PSYoungGen      total 74752K, used 71702K [0x000000076cd00000, 0x0000000772000000, 0x00000007c0000000)
  eden space 64512K, 100% used [0x000000076cd00000,0x0000000770c00000,0x0000000770c00000)
  from space 10240K, 70% used [0x0000000770c00000,0x0000000771305b78,0x0000000771600000)
  to   space 10240K, 0% used [0x0000000771600000,0x0000000771600000,0x0000000772000000)
 ParOldGen       total 171008K, used 59K [0x00000006c6600000, 0x00000006d0d00000, 0x000000076cd00000)
  object space 171008K, 0% used [0x00000006c6600000,0x00000006c660ef00,0x00000006d0d00000)
 Metaspace       used 18180K, capacity 18988K, committed 19072K, reserved 1064960K
  class space    used 2426K, capacity 2635K, committed 2688K, reserved 1048576K
Event: 1.690 GC heap after
Heap after GC invocations=2 (full 0):
 PSYoungGen      total 74752K, used 8952K [0x000000076cd00000, 0x0000000772000000, 0x00000007c0000000)
  eden space 64512K, 0% used [0x000000076cd00000,0x000000076cd00000,0x0000000770c00000)
  from space 10240K, 87% used [0x0000000771600000,0x0000000771ebe330,0x0000000772000000)
  to   space 10240K, 0% used [0x0000000770c00000,0x0000000770c00000,0x0000000771600000)
 ParOldGen       total 171008K, used 67K [0x00000006c6600000, 0x00000006d0d00000, 0x000000076cd00000)
  object space 171008K, 0% used [0x00000006c6600000,0x00000006c6610f00,0x00000006d0d00000)
 Metaspace       used 18180K, capacity 18988K, committed 19072K, reserved 1064960K
  class space    used 2426K, capacity 2635K, committed 2688K, reserved 1048576K
}
Event: 1.805 GC heap before
{Heap before GC invocations=3 (full 0):
 PSYoungGen      total 74752K, used 71200K [0x000000076cd00000, 0x0000000772000000, 0x00000007c0000000)
  eden space 64512K, 96% used [0x000000076cd00000,0x00000007709c9da8,0x0000000770c00000)
  from space 10240K, 87% used [0x0000000771600000,0x0000000771ebe330,0x0000000772000000)
  to   space 10240K, 0% used [0x0000000770c00000,0x0000000770c00000,0x0000000771600000)
 ParOldGen       total 171008K, used 67K [0x00000006c6600000, 0x00000006d0d00000, 0x000000076cd00000)
  object space 171008K, 0% used [0x00000006c6600000,0x00000006c6610f00,0x00000006d0d00000)
 Metaspace       used 20332K, capacity 21182K, committed 21296K, reserved 1067008K
  class space    used 2647K, capacity 2844K, committed 2944K, reserved 1048576K
Event: 1.813 GC heap after
Heap after GC invocations=3 (full 0):
 PSYoungGen      total 74752K, used 7502K [0x000000076cd00000, 0x0000000772000000, 0x00000007c0000000)
  eden space 64512K, 0% used [0x000000076cd00000,0x000000076cd00000,0x0000000770c00000)
  from space 10240K, 73% used [0x0000000770c00000,0x0000000771353b68,0x0000000771600000)
  to   space 10240K, 0% used [0x0000000771600000,0x0000000771600000,0x0000000772000000)
 ParOldGen       total 171008K, used 75K [0x00000006c6600000, 0x00000006d0d00000, 0x000000076cd00000)
  object space 171008K, 0% used [0x00000006c6600000,0x00000006c6612f00,0x00000006d0d00000)
 Metaspace       used 20332K, capacity 21182K, committed 21296K, reserved 1067008K
  class space    used 2647K, capacity 2844K, committed 2944K, reserved 1048576K
}
Event: 1.813 GC heap before
{Heap before GC invocations=4 (full 1):
 PSYoungGen      total 74752K, used 7502K [0x000000076cd00000, 0x0000000772000000, 0x00000007c0000000)
  eden space 64512K, 0% used [0x000000076cd00000,0x000000076cd00000,0x0000000770c00000)
  from space 10240K, 73% used [0x0000000770c00000,0x0000000771353b68,0x0000000771600000)
  to   space 10240K, 0% used [0x0000000771600000,0x0000000771600000,0x0000000772000000)
 ParOldGen       total 171008K, used 75K [0x00000006c6600000, 0x00000006d0d00000, 0x000000076cd00000)
  object space 171008K, 0% used [0x00000006c6600000,0x00000006c6612f00,0x00000006d0d00000)
 Metaspace       used 20332K, capacity 21182K, committed 21296K, reserved 1067008K
  class space    used 2647K, capacity 2844K, committed 2944K, reserved 1048576K
Event: 1.855 GC heap after
Heap after GC invocations=4 (full 1):
 PSYoungGen      total 74752K, used 0K [0x000000076cd00000, 0x0000000772000000, 0x00000007c0000000)
  eden space 64512K, 0% used [0x000000076cd00000,0x000000076cd00000,0x0000000770c00000)
  from space 10240K, 0% used [0x0000000770c00000,0x0000000770c00000,0x0000000771600000)
  to   space 10240K, 0% used [0x0000000771600000,0x0000000771600000,0x0000000772000000)
 ParOldGen       total 100352K, used 7295K [0x00000006c6600000, 0x00000006cc800000, 0x000000076cd00000)
  object space 100352K, 7% used [0x00000006c6600000,0x00000006c6d1fec8,0x00000006cc800000)
 Metaspace       used 20332K, capacity 21182K, committed 21296K, reserved 1067008K
  class space    used 2647K, capacity 2844K, committed 2944K, reserved 1048576K
}
Event: 2.304 GC heap before
{Heap before GC invocations=5 (full 1):
 PSYoungGen      total 74752K, used 64512K [0x000000076cd00000, 0x0000000772000000, 0x00000007c0000000)
  eden space 64512K, 100% used [0x000000076cd00000,0x0000000770c00000,0x0000000770c00000)
  from space 10240K, 0% used [0x0000000770c00000,0x0000000770c00000,0x0000000771600000)
  to   space 10240K, 0% used [0x0000000771600000,0x0000000771600000,0x0000000772000000)
 ParOldGen       total 100352K, used 7295K [0x00000006c6600000, 0x00000006cc800000, 0x000000076cd00000)
  object space 100352K, 7% used [0x00000006c6600000,0x00000006c6d1fec8,0x00000006cc800000)
 Metaspace       used 24561K, capacity 25646K, committed 25856K, reserved 1071104K
  class space    used 3207K, capacity 3464K, committed 3584K, reserved 1048576K
Event: 2.309 GC heap after
Heap after GC invocations=5 (full 1):
 PSYoungGen      total 74752K, used 7189K [0x000000076cd00000, 0x0000000774100000, 0x00000007c0000000)
  eden space 64512K, 0% used [0x000000076cd00000,0x000000076cd00000,0x0000000770c00000)
  from space 10240K, 70% used [0x0000000771600000,0x0000000771d05508,0x0000000772000000)
  to   space 10240K, 0% used [0x0000000770c00000,0x0000000770c00000,0x0000000771600000)
 ParOldGen       total 100352K, used 7303K [0x00000006c6600000, 0x00000006cc800000, 0x000000076cd00000)
  object space 100352K, 7% used [0x00000006c6600000,0x00000006c6d21ec8,0x00000006cc800000)
 Metaspace       used 24561K, capacity 25646K, committed 25856K, reserved 1071104K
  class space    used 3207K, capacity 3464K, committed 3584K, reserved 1048576K
}
Event: 3.133 GC heap before
{Heap before GC invocations=6 (full 1):
 PSYoungGen      total 74752K, used 71701K [0x000000076cd00000, 0x0000000774100000, 0x00000007c0000000)
  eden space 64512K, 100% used [0x000000076cd00000,0x0000000770c00000,0x0000000770c00000)
  from space 10240K, 70% used [0x0000000771600000,0x0000000771d05508,0x0000000772000000)
  to   space 10240K, 0% used [0x0000000770c00000,0x0000000770c00000,0x0000000771600000)
 ParOldGen       total 100352K, used 7303K [0x00000006c6600000, 0x00000006cc800000, 0x000000076cd00000)
  object space 100352K, 7% used [0x00000006c6600000,0x00000006c6d21ec8,0x00000006cc800000)
 Metaspace       used 29155K, capacity 30704K, committed 30848K, reserved 1075200K
  class space    used 3876K, capacity 4175K, committed 4224K, reserved 1048576K
Event: 3.139 GC heap after
Heap after GC invocations=6 (full 1):
 PSYoungGen      total 74752K, used 8537K [0x000000076cd00000, 0x0000000773d00000, 0x00000007c0000000)
  eden space 64512K, 0% used [0x000000076cd00000,0x000000076cd00000,0x0000000770c00000)
  from space 10240K, 83% used [0x0000000770c00000,0x0000000771456520,0x0000000771600000)
  to   space 9728K, 0% used [0x0000000773380000,0x0000000773380000,0x0000000773d00000)
 ParOldGen       total 100352K, used 7311K [0x00000006c6600000, 0x00000006cc800000, 0x000000076cd00000)
  object space 100352K, 7% used [0x00000006c6600000,0x00000006c6d23ec8,0x00000006cc800000)
 Metaspace       used 29155K, capacity 30704K, committed 30848K, reserved 1075200K
  class space    used 3876K, capacity 4175K, committed 4224K, reserved 1048576K
}

